2024-05-09 23:14:59,621 - INFO - CPU Log:
+----+--------+---------+----------+
|    |   Task |   Start |   Finish |
+====+========+=========+==========+
|  0 |      1 |       0 |        1 |
+----+--------+---------+----------+
|  1 |      1 |       1 |        2 |
+----+--------+---------+----------+
|  2 |        |       2 |        3 |
+----+--------+---------+----------+
|  3 |      2 |       2 |        3 |
+----+--------+---------+----------+
|  4 |        |       3 |        4 |
+----+--------+---------+----------+
|  5 |      2 |       3 |        4 |
+----+--------+---------+----------+
|  6 |        |       6 |        7 |
+----+--------+---------+----------+
|  7 |        |       7 |        8 |
+----+--------+---------+----------+
|  8 |        |       8 |        9 |
+----+--------+---------+----------+
|  9 |        |       9 |       10 |
+----+--------+---------+----------+
| 10 | Task1  |      10 |       11 |
+----+--------+---------+----------+
| 11 |        |       6 |        7 |
+----+--------+---------+----------+
| 12 |        |       7 |        8 |
+----+--------+---------+----------+
| 13 |        |       7 |        8 |
+----+--------+---------+----------+
| 14 |        |      14 |       15 |
+----+--------+---------+----------+
| 15 | Task2  |      15 |       16 |
+----+--------+---------+----------+
| 25 |      2 |      14 |       15 |
+----+--------+---------+----------+
| 26 |        |      15 |       16 |
+----+--------+---------+----------+
| 27 |        |      15 |       16 |
+----+--------+---------+----------+
| 28 |        |      16 |       17 |
+----+--------+---------+----------+
| 29 |        |      16 |       17 |
+----+--------+---------+----------+
| 30 |        |      17 |       18 |
+----+--------+---------+----------+
| 31 |        |      17 |       18 |
+----+--------+---------+----------+
| 32 |        |      18 |       19 |
+----+--------+---------+----------+
| 33 |        |      18 |       19 |
+----+--------+---------+----------+
| 25 | Task3  |      25 |       26 |
+----+--------+---------+----------+
| 26 | Task3  |      26 |       27 |
+----+--------+---------+----------+
| 27 |        |      27 |       28 |
+----+--------+---------+----------+
| 28 |        |      28 |       29 |
+----+--------+---------+----------+
| 29 |        |      29 |       30 |
+----+--------+---------+----------+
| 44 |        |      25 |       26 |
+----+--------+---------+----------+
| 45 |        |      25 |       26 |
+----+--------+---------+----------+
| 46 |        |      26 |       27 |
+----+--------+---------+----------+
| 47 |        |      26 |       27 |
+----+--------+---------+----------+
| 34 |        |      34 |       35 |
+----+--------+---------+----------+
| 49 |        |      27 |       28 |
+----+--------+---------+----------+
| 50 |        |      28 |       29 |
+----+--------+---------+----------+
| 51 |        |      28 |       29 |
+----+--------+---------+----------+
| 52 |        |      29 |       30 |
+----+--------+---------+----------+
| 39 |        |      39 |       40 |
+----+--------+---------+----------+
| 40 |        |      40 |       41 |
+----+--------+---------+----------+
| 56 |        |      32 |       33 |
+----+--------+---------+----------+
| 57 |      2 |      32 |       33 |
+----+--------+---------+----------+
| 58 |        |      33 |       34 |
+----+--------+---------+----------+
| 44 |        |      44 |       45 |
+----+--------+---------+----------+
| 45 |        |      45 |       46 |
+----+--------+---------+----------+
| 62 |        |      35 |       36 |
+----+--------+---------+----------+
| 63 |        |      35 |       36 |
+----+--------+---------+----------+
| 64 |        |      36 |       37 |
+----+--------+---------+----------+
| 65 |        |      36 |       37 |
+----+--------+---------+----------+
| 66 |        |      37 |       38 |
+----+--------+---------+----------+
| 67 |        |      37 |       38 |
+----+--------+---------+----------+
| 68 |        |      38 |       39 |
+----+--------+---------+----------+
| 69 |        |      38 |       39 |
+----+--------+---------+----------+
| 70 |        |      39 |       40 |
+----+--------+---------+----------+
| 71 |        |      39 |       40 |
+----+--------+---------+----------+
